<?xml version="1.0" encoding="UTF-8"?>
<testsuite xmlns:xsi="http://www.w3.org/2001/XMLSchema-instance" xsi:noNamespaceSchemaLocation="https://maven.apache.org/surefire/maven-surefire-plugin/xsd/surefire-test-report.xsd" name="tmc_git.j_test_case_0_1.testcase_mapping_0_1.testCase_MappingTest" time="0.117" tests="1" errors="0" skipped="0" failures="1">
  <properties>
    <property name="java.runtime.name" value="Java(TM) SE Runtime Environment"/>
    <property name="sun.boot.library.path" value="C:\Program Files\Java\jre1.8.0_231\bin"/>
    <property name="java.vm.version" value="25.231-b11"/>
    <property name="java.vm.vendor" value="Oracle Corporation"/>
    <property name="maven.multiModuleProjectDirectory" value="C:\Talend_DI_7.3.1\Talend-Studio-20200219_1130-V7.3.1\workspace\.repositories\1907252158\branches\main\TMC_GIT\poms\jobs\process\j_test_case_0.1"/>
    <property name="java.vendor.url" value="http://java.oracle.com/"/>
    <property name="path.separator" value=";"/>
    <property name="guice.disable.misplaced.annotation.check" value="true"/>
    <property name="java.vm.name" value="Java HotSpot(TM) 64-Bit Server VM"/>
    <property name="file.encoding.pkg" value="sun.io"/>
    <property name="user.script" value=""/>
    <property name="user.country" value="FR"/>
    <property name="sun.java.launcher" value="SUN_STANDARD"/>
    <property name="sun.os.patch.level" value=""/>
    <property name="test" value="testCase_MappingTest#testDefault"/>
    <property name="java.vm.specification.name" value="Java Virtual Machine Specification"/>
    <property name="user.dir" value="C:\Talend_DI_7.3.1\Talend-Studio-20200219_1130-V7.3.1\workspace\.repositories\1907252158\branches\main\TMC_GIT\poms\jobs\process\j_test_case_0.1"/>
    <property name="java.runtime.version" value="1.8.0_231-b11"/>
    <property name="java.awt.graphicsenv" value="sun.awt.Win32GraphicsEnvironment"/>
    <property name="java.endorsed.dirs" value="C:\Program Files\Java\jre1.8.0_231\lib\endorsed"/>
    <property name="os.arch" value="amd64"/>
    <property name="java.io.tmpdir" value="C:\Users\bbms2\AppData\Local\Temp\"/>
    <property name="line.separator" value="&#10;"/>
    <property name="java.vm.specification.vendor" value="Oracle Corporation"/>
    <property name="user.variant" value=""/>
    <property name="os.name" value="Windows 10"/>
    <property name="classworlds.conf" value="C:\Talend_DI_7.3.1\Talend-Studio-20200219_1130-V7.3.1\workspace\.metadata\.plugins\org.eclipse.m2e.launching\launches\m2conf519925860877769364.tmp"/>
    <property name="sun.jnu.encoding" value="Cp1252"/>
    <property name="java.library.path" value="C:\Program Files\Java\jre1.8.0_231\bin;C:\WINDOWS\Sun\Java\bin;C:\WINDOWS\system32;C:\WINDOWS;C:/Program Files/Java/jre1.8.0_231/bin/server;C:/Program Files/Java/jre1.8.0_231/bin;C:/Program Files/Java/jre1.8.0_231/lib/amd64;C:\Program Files (x86)\Common Files\Oracle\Java\javapath;C:\WINDOWS\system32;C:\WINDOWS;C:\WINDOWS\System32\Wbem;C:\WINDOWS\System32\WindowsPowerShell\v1.0\;C:\WINDOWS\System32\OpenSSH\;C:\Program Files\Intel\WiFi\bin\;C:\Program Files\Common Files\Intel\WirelessCommon\;C:\Program Files\Java\jre1.8.0_231\bin;C:\Users\bbms2\AppData\Local\Microsoft\WindowsApps;;C:\Talend_DI_7.3.1\Talend-Studio-20200219_1130-V7.3.1;;."/>
    <property name="java.specification.name" value="Java Platform API Specification"/>
    <property name="java.class.version" value="52.0"/>
    <property name="sun.management.compiler" value="HotSpot 64-Bit Tiered Compilers"/>
    <property name="os.version" value="10.0"/>
    <property name="user.home" value="C:\Users\bbms2"/>
    <property name="user.timezone" value="Europe/Paris"/>
    <property name="java.awt.printerjob" value="sun.awt.windows.WPrinterJob"/>
    <property name="java.specification.version" value="1.8"/>
    <property name="file.encoding" value="UTF-8"/>
    <property name="user.name" value="bbms2"/>
    <property name="java.class.path" value="C:\Talend_DI_7.3.1\Talend-Studio-20200219_1130-V7.3.1\plugins\org.eclipse.m2e.maven.runtime_1.10.0.20181127-2120\jars\plexus-classworlds-2.5.2.jar"/>
    <property name="java.vm.specification.version" value="1.8"/>
    <property name="sun.arch.data.model" value="64"/>
    <property name="java.home" value="C:\Program Files\Java\jre1.8.0_231"/>
    <property name="sun.java.command" value="org.codehaus.plexus.classworlds.launcher.Launcher -B -o -s C:\Talend_DI_7.3.1\Talend-Studio-20200219_1130-V7.3.1\configuration\maven_user_settings.xml test -llr -l C:/Talend_DI_7.3.1/Talend-Studio-20200219_1130-V7.3.1/workspace/.repositories/1907252158/branches/main/TMC_GIT/poms/jobs/process/j_test_case_0.1/lastGenerated.log -Dtest=testCase_MappingTest#testDefault -Dci.builder.skip=true"/>
    <property name="java.specification.vendor" value="Oracle Corporation"/>
    <property name="user.language" value="fr"/>
    <property name="awt.toolkit" value="sun.awt.windows.WToolkit"/>
    <property name="java.vm.info" value="mixed mode"/>
    <property name="java.version" value="1.8.0_231"/>
    <property name="ci.builder.skip" value="true"/>
    <property name="java.ext.dirs" value="C:\Program Files\Java\jre1.8.0_231\lib\ext;C:\WINDOWS\Sun\Java\lib\ext"/>
    <property name="sun.boot.class.path" value="C:\Program Files\Java\jre1.8.0_231\lib\resources.jar;C:\Program Files\Java\jre1.8.0_231\lib\rt.jar;C:\Program Files\Java\jre1.8.0_231\lib\sunrsasign.jar;C:\Program Files\Java\jre1.8.0_231\lib\jsse.jar;C:\Program Files\Java\jre1.8.0_231\lib\jce.jar;C:\Program Files\Java\jre1.8.0_231\lib\charsets.jar;C:\Program Files\Java\jre1.8.0_231\lib\jfr.jar;C:\Program Files\Java\jre1.8.0_231\classes"/>
    <property name="java.vendor" value="Oracle Corporation"/>
    <property name="maven.home" value="C:\Talend_DI_7.3.1\Talend-Studio-20200219_1130-V7.3.1\workspace\.repositories\1907252158\branches\main\TMC_GIT\poms\jobs\process\j_test_case_0.1\EMBEDDED"/>
    <property name="file.separator" value="\"/>
    <property name="java.vendor.url.bug" value="http://bugreport.sun.com/bugreport/"/>
    <property name="sun.cpu.endian" value="little"/>
    <property name="sun.io.unicode.encoding" value="UnicodeLittle"/>
    <property name="sun.desktop" value="windows"/>
    <property name="sun.cpu.isalist" value="amd64"/>
  </properties>
  <testcase name="tmc_git.j_test_case_0_1.testcase_mapping_0_1.testCase_MappingTest.testDefault" classname="tmc_git.j_test_case_0_1.testcase_mapping_0_1.testCase_MappingTest" time="0.106">
    <failure type="java.io.FileNotFoundException:"><![CDATA[java.io.FileNotFoundException: 
	at java.io.FileInputStream.open0(Native Method)
	at java.io.FileInputStream.open(Unknown Source)
	at java.io.FileInputStream.<init>(Unknown Source)
	at java.io.FileInputStream.<init>(Unknown Source)
	at tmc_git.j_test_case_0_1.testcase_mapping_0_1.testCase_MappingTest.tFileCompare_1Process(testCase_MappingTest.java:2197)
	at tmc_git.j_test_case_0_1.testcase_mapping_0_1.testCase_MappingTest.tFileInputDelimited_1Process(testCase_MappingTest.java:2039)
	at tmc_git.j_test_case_0_1.testcase_mapping_0_1.testCase_MappingTest.tCreateTemporaryFile_1Process(testCase_MappingTest.java:532)
	at tmc_git.j_test_case_0_1.testcase_mapping_0_1.testCase_MappingTest.runJobInTOS(testCase_MappingTest.java:2901)
	at tmc_git.j_test_case_0_1.testcase_mapping_0_1.testCase_MappingTest.testDefault(testCase_MappingTest.java:2692)
]]></failure>
    <system-out><![CDATA[15:24:50.358 [main] FATAL tmc_git.j_test_case_0_1.testcase_mapping_0_1.testCase_MappingTest - tFileCompare_1 
java.io.FileNotFoundException: 
	at java.io.FileInputStream.open0(Native Method) ~[?:1.8.0_231]
	at java.io.FileInputStream.open(Unknown Source) ~[?:1.8.0_231]
	at java.io.FileInputStream.<init>(Unknown Source) ~[?:1.8.0_231]
	at java.io.FileInputStream.<init>(Unknown Source) ~[?:1.8.0_231]
	at tmc_git.j_test_case_0_1.testcase_mapping_0_1.testCase_MappingTest.tFileCompare_1Process(testCase_MappingTest.java:2197) [test-classes/:?]
	at tmc_git.j_test_case_0_1.testcase_mapping_0_1.testCase_MappingTest.tFileInputDelimited_1Process(testCase_MappingTest.java:2039) [test-classes/:?]
	at tmc_git.j_test_case_0_1.testcase_mapping_0_1.testCase_MappingTest.tCreateTemporaryFile_1Process(testCase_MappingTest.java:532) [test-classes/:?]
	at tmc_git.j_test_case_0_1.testcase_mapping_0_1.testCase_MappingTest.runJobInTOS(testCase_MappingTest.java:2901) [test-classes/:?]
	at tmc_git.j_test_case_0_1.testcase_mapping_0_1.testCase_MappingTest.testDefault(testCase_MappingTest.java:2692) [test-classes/:?]
	at sun.reflect.NativeMethodAccessorImpl.invoke0(Native Method) ~[?:1.8.0_231]
	at sun.reflect.NativeMethodAccessorImpl.invoke(Unknown Source) ~[?:1.8.0_231]
	at sun.reflect.DelegatingMethodAccessorImpl.invoke(Unknown Source) ~[?:1.8.0_231]
	at java.lang.reflect.Method.invoke(Unknown Source) ~[?:1.8.0_231]
	at org.apache.maven.surefire.junit.PojoTestSet.executeTestMethod(PojoTestSet.java:154) [surefire-junit3-2.20.jar:2.20]
	at org.apache.maven.surefire.junit.PojoTestSet.executeTestMethods(PojoTestSet.java:105) [surefire-junit3-2.20.jar:2.20]
	at org.apache.maven.surefire.junit.PojoTestSet.execute(PojoTestSet.java:86) [surefire-junit3-2.20.jar:2.20]
	at org.apache.maven.surefire.junit.JUnit3Provider.executeTestSet(JUnit3Provider.java:135) [surefire-junit3-2.20.jar:2.20]
	at org.apache.maven.surefire.junit.JUnit3Provider.invoke(JUnit3Provider.java:109) [surefire-junit3-2.20.jar:2.20]
	at org.apache.maven.surefire.booter.ForkedBooter.invokeProviderInSameClassLoader(ForkedBooter.java:386) [surefire-booter-2.20.jar:2.20]
	at org.apache.maven.surefire.booter.ForkedBooter.runSuitesInProcess(ForkedBooter.java:323) [surefire-booter-2.20.jar:2.20]
	at org.apache.maven.surefire.booter.ForkedBooter.main(ForkedBooter.java:143) [surefire-booter-2.20.jar:2.20]
]]></system-out>
    <system-err><![CDATA[ERROR StatusLogger No Log4j 2 configuration file found. Using default configuration (logging only errors to the console), or user programmatically provided configurations. Set system property 'log4j2.debug' to show Log4j 2 internal initialization logging. See https://logging.apache.org/log4j/2.x/manual/configuration.html for instructions on how to configure Log4j 2
Exception in component tFileCompare_1 (testCase_Mapping)
java.io.FileNotFoundException: 
	at java.io.FileInputStream.open0(Native Method)
	at java.io.FileInputStream.open(Unknown Source)
	at java.io.FileInputStream.<init>(Unknown Source)
	at java.io.FileInputStream.<init>(Unknown Source)
	at tmc_git.j_test_case_0_1.testcase_mapping_0_1.testCase_MappingTest.tFileCompare_1Process(testCase_MappingTest.java:2197)
	at tmc_git.j_test_case_0_1.testcase_mapping_0_1.testCase_MappingTest.tFileInputDelimited_1Process(testCase_MappingTest.java:2039)
	at tmc_git.j_test_case_0_1.testcase_mapping_0_1.testCase_MappingTest.tCreateTemporaryFile_1Process(testCase_MappingTest.java:532)
	at tmc_git.j_test_case_0_1.testcase_mapping_0_1.testCase_MappingTest.runJobInTOS(testCase_MappingTest.java:2901)
	at tmc_git.j_test_case_0_1.testcase_mapping_0_1.testCase_MappingTest.testDefault(testCase_MappingTest.java:2692)
	at sun.reflect.NativeMethodAccessorImpl.invoke0(Native Method)
	at sun.reflect.NativeMethodAccessorImpl.invoke(Unknown Source)
	at sun.reflect.DelegatingMethodAccessorImpl.invoke(Unknown Source)
	at java.lang.reflect.Method.invoke(Unknown Source)
	at org.apache.maven.surefire.junit.PojoTestSet.executeTestMethod(PojoTestSet.java:154)
	at org.apache.maven.surefire.junit.PojoTestSet.executeTestMethods(PojoTestSet.java:105)
	at org.apache.maven.surefire.junit.PojoTestSet.execute(PojoTestSet.java:86)
	at org.apache.maven.surefire.junit.JUnit3Provider.executeTestSet(JUnit3Provider.java:135)
	at org.apache.maven.surefire.junit.JUnit3Provider.invoke(JUnit3Provider.java:109)
	at org.apache.maven.surefire.booter.ForkedBooter.invokeProviderInSameClassLoader(ForkedBooter.java:386)
	at org.apache.maven.surefire.booter.ForkedBooter.runSuitesInProcess(ForkedBooter.java:323)
	at org.apache.maven.surefire.booter.ForkedBooter.main(ForkedBooter.java:143)
]]></system-err>
  </testcase>
</testsuite>