<?xml version="1.0" encoding="UTF-8"?>
<testsuite xmlns:xsi="http://www.w3.org/2001/XMLSchema-instance" xsi:noNamespaceSchemaLocation="https://maven.apache.org/surefire/maven-surefire-plugin/xsd/surefire-test-report.xsd" name="tmc_git.j_test_case_0_1.testcase_mapping_0_1.testCase_MappingTest" time="0.117" tests="1" errors="0" skipped="0" failures="1">
  <properties>
[...]
</properties>
  <testcase name="tmc_git.j_test_case_0_1.testcase_mapping_0_1.testCase_MappingTest.testDefault" classname="tmc_git.j_test_case_0_1.testcase_mapping_0_1.testCase_MappingTest" time="0.106">
    <failure type="java.io.FileNotFoundException:"><![CDATA[java.io.FileNotFoundException: 
	at java.io.FileInputStream.open0(Native Method)
	at java.io.FileInputStream.open(Unknown Source)
	at java.io.FileInputStream.<init>(Unknown Source)
	at java.io.FileInputStream.<init>(Unknown Source)
	at tmc_git.j_test_case_0_1.testcase_mapping_0_1.testCase_MappingTest.tFileCompare_1Process(testCase_MappingTest.java:2197)
	at tmc_git.j_test_case_0_1.testcase_mapping_0_1.testCase_MappingTest.tFileInputDelimited_1Process(testCase_MappingTest.java:2039)
	at tmc_git.j_test_case_0_1.testcase_mapping_0_1.testCase_MappingTest.tCreateTemporaryFile_1Process(testCase_MappingTest.java:532)
	at tmc_git.j_test_case_0_1.testcase_mapping_0_1.testCase_MappingTest.runJobInTOS(testCase_MappingTest.java:2901)
	at tmc_git.j_test_case_0_1.testcase_mapping_0_1.testCase_MappingTest.testDefault(testCase_MappingTest.java:2692)
]]></failure>
    <system-out><![CDATA[15:24:50.358 [main] FATAL tmc_git.j_test_case_0_1.testcase_mapping_0_1.testCase_MappingTest - tFileCompare_1 
java.io.FileNotFoundException: 
	at java.io.FileInputStream.open0(Native Method) ~[?:1.8.0_231]
	at java.io.FileInputStream.open(Unknown Source) ~[?:1.8.0_231]
	at java.io.FileInputStream.<init>(Unknown Source) ~[?:1.8.0_231]
	at java.io.FileInputStream.<init>(Unknown Source) ~[?:1.8.0_231]
	at tmc_git.j_test_case_0_1.testcase_mapping_0_1.testCase_MappingTest.tFileCompare_1Process(testCase_MappingTest.java:2197) [test-classes/:?]
	at tmc_git.j_test_case_0_1.testcase_mapping_0_1.testCase_MappingTest.tFileInputDelimited_1Process(testCase_MappingTest.java:2039) [test-classes/:?]
	at tmc_git.j_test_case_0_1.testcase_mapping_0_1.testCase_MappingTest.tCreateTemporaryFile_1Process(testCase_MappingTest.java:532) [test-classes/:?]
	at tmc_git.j_test_case_0_1.testcase_mapping_0_1.testCase_MappingTest.runJobInTOS(testCase_MappingTest.java:2901) [test-classes/:?]
	at tmc_git.j_test_case_0_1.testcase_mapping_0_1.testCase_MappingTest.testDefault(testCase_MappingTest.java:2692) [test-classes/:?]
	at sun.reflect.NativeMethodAccessorImpl.invoke0(Native Method) ~[?:1.8.0_231]
	at sun.reflect.NativeMethodAccessorImpl.invoke(Unknown Source) ~[?:1.8.0_231]
	at sun.reflect.DelegatingMethodAccessorImpl.invoke(Unknown Source) ~[?:1.8.0_231]
	at java.lang.reflect.Method.invoke(Unknown Source) ~[?:1.8.0_231]
	at org.apache.maven.surefire.junit.PojoTestSet.executeTestMethod(PojoTestSet.java:154) [surefire-junit3-2.20.jar:2.20]
	at org.apache.maven.surefire.junit.PojoTestSet.executeTestMethods(PojoTestSet.java:105) [surefire-junit3-2.20.jar:2.20]
	at org.apache.maven.surefire.junit.PojoTestSet.execute(PojoTestSet.java:86) [surefire-junit3-2.20.jar:2.20]
	at org.apache.maven.surefire.junit.JUnit3Provider.executeTestSet(JUnit3Provider.java:135) [surefire-junit3-2.20.jar:2.20]
	at org.apache.maven.surefire.junit.JUnit3Provider.invoke(JUnit3Provider.java:109) [surefire-junit3-2.20.jar:2.20]
	at org.apache.maven.surefire.booter.ForkedBooter.invokeProviderInSameClassLoader(ForkedBooter.java:386) [surefire-booter-2.20.jar:2.20]
	at org.apache.maven.surefire.booter.ForkedBooter.runSuitesInProcess(ForkedBooter.java:323) [surefire-booter-2.20.jar:2.20]
	at org.apache.maven.surefire.booter.ForkedBooter.main(ForkedBooter.java:143) [surefire-booter-2.20.jar:2.20]
]]></system-out>
    <system-err><![CDATA[ERROR StatusLogger No Log4j 2 configuration file found. Using default configuration (logging only errors to the console), or user programmatically provided configurations. Set system property 'log4j2.debug' to show Log4j 2 internal initialization logging. See https://logging.apache.org/log4j/2.x/manual/configuration.html for instructions on how to configure Log4j 2
Exception in component tFileCompare_1 (testCase_Mapping)
java.io.FileNotFoundException: 
	at java.io.FileInputStream.open0(Native Method)
	at java.io.FileInputStream.open(Unknown Source)
	at java.io.FileInputStream.<init>(Unknown Source)
	at java.io.FileInputStream.<init>(Unknown Source)
	at tmc_git.j_test_case_0_1.testcase_mapping_0_1.testCase_MappingTest.tFileCompare_1Process(testCase_MappingTest.java:2197)
	at tmc_git.j_test_case_0_1.testcase_mapping_0_1.testCase_MappingTest.tFileInputDelimited_1Process(testCase_MappingTest.java:2039)
	at tmc_git.j_test_case_0_1.testcase_mapping_0_1.testCase_MappingTest.tCreateTemporaryFile_1Process(testCase_MappingTest.java:532)
	at tmc_git.j_test_case_0_1.testcase_mapping_0_1.testCase_MappingTest.runJobInTOS(testCase_MappingTest.java:2901)
	at tmc_git.j_test_case_0_1.testcase_mapping_0_1.testCase_MappingTest.testDefault(testCase_MappingTest.java:2692)
	at sun.reflect.NativeMethodAccessorImpl.invoke0(Native Method)
	at sun.reflect.NativeMethodAccessorImpl.invoke(Unknown Source)
	at sun.reflect.DelegatingMethodAccessorImpl.invoke(Unknown Source)
	at java.lang.reflect.Method.invoke(Unknown Source)
	at org.apache.maven.surefire.junit.PojoTestSet.executeTestMethod(PojoTestSet.java:154)
	at org.apache.maven.surefire.junit.PojoTestSet.executeTestMethods(PojoTestSet.java:105)
	at org.apache.maven.surefire.junit.PojoTestSet.execute(PojoTestSet.java:86)
	at org.apache.maven.surefire.junit.JUnit3Provider.executeTestSet(JUnit3Provider.java:135)
	at org.apache.maven.surefire.junit.JUnit3Provider.invoke(JUnit3Provider.java:109)
	at org.apache.maven.surefire.booter.ForkedBooter.invokeProviderInSameClassLoader(ForkedBooter.java:386)
	at org.apache.maven.surefire.booter.ForkedBooter.runSuitesInProcess(ForkedBooter.java:323)
	at org.apache.maven.surefire.booter.ForkedBooter.main(ForkedBooter.java:143)
]]></system-err>
  </testcase>
</testsuite>